running develop
Removing /home/syqua/Desktop/ros2_ws/install/tipsy_turtle/lib/python3.8/site-packages/tipsy-turtle.egg-link (link to .)
running egg_info
writing ../../build/tipsy_turtle/tipsy_turtle.egg-info/PKG-INFO
writing dependency_links to ../../build/tipsy_turtle/tipsy_turtle.egg-info/dependency_links.txt
writing entry points to ../../build/tipsy_turtle/tipsy_turtle.egg-info/entry_points.txt
writing requirements to ../../build/tipsy_turtle/tipsy_turtle.egg-info/requires.txt
writing top-level names to ../../build/tipsy_turtle/tipsy_turtle.egg-info/top_level.txt
reading manifest file '../../build/tipsy_turtle/tipsy_turtle.egg-info/SOURCES.txt'
writing manifest file '../../build/tipsy_turtle/tipsy_turtle.egg-info/SOURCES.txt'
running build
running build_py
copying tipsy_turtle/pose_subscriber.py -> /home/syqua/Desktop/ros2_ws/build/tipsy_turtle/build/lib/tipsy_turtle
copying tipsy_turtle/my_first_node.py -> /home/syqua/Desktop/ros2_ws/build/tipsy_turtle/build/lib/tipsy_turtle
copying tipsy_turtle/turtle_controller.py -> /home/syqua/Desktop/ros2_ws/build/tipsy_turtle/build/lib/tipsy_turtle
copying tipsy_turtle/sim_circle.py -> /home/syqua/Desktop/ros2_ws/build/tipsy_turtle/build/lib/tipsy_turtle
running install
running install_lib
creating /home/syqua/Desktop/ros2_ws/install/tipsy_turtle/lib/python3.8/site-packages/tipsy_turtle
copying /home/syqua/Desktop/ros2_ws/build/tipsy_turtle/build/lib/tipsy_turtle/__init__.py -> /home/syqua/Desktop/ros2_ws/install/tipsy_turtle/lib/python3.8/site-packages/tipsy_turtle
copying /home/syqua/Desktop/ros2_ws/build/tipsy_turtle/build/lib/tipsy_turtle/pose_subscriber.py -> /home/syqua/Desktop/ros2_ws/install/tipsy_turtle/lib/python3.8/site-packages/tipsy_turtle
copying /home/syqua/Desktop/ros2_ws/build/tipsy_turtle/build/lib/tipsy_turtle/my_first_node.py -> /home/syqua/Desktop/ros2_ws/install/tipsy_turtle/lib/python3.8/site-packages/tipsy_turtle
copying /home/syqua/Desktop/ros2_ws/build/tipsy_turtle/build/lib/tipsy_turtle/turtle_controller.py -> /home/syqua/Desktop/ros2_ws/install/tipsy_turtle/lib/python3.8/site-packages/tipsy_turtle
copying /home/syqua/Desktop/ros2_ws/build/tipsy_turtle/build/lib/tipsy_turtle/sim_circle.py -> /home/syqua/Desktop/ros2_ws/install/tipsy_turtle/lib/python3.8/site-packages/tipsy_turtle
byte-compiling /home/syqua/Desktop/ros2_ws/install/tipsy_turtle/lib/python3.8/site-packages/tipsy_turtle/__init__.py to __init__.cpython-38.pyc
byte-compiling /home/syqua/Desktop/ros2_ws/install/tipsy_turtle/lib/python3.8/site-packages/tipsy_turtle/pose_subscriber.py to pose_subscriber.cpython-38.pyc
byte-compiling /home/syqua/Desktop/ros2_ws/install/tipsy_turtle/lib/python3.8/site-packages/tipsy_turtle/my_first_node.py to my_first_node.cpython-38.pyc
byte-compiling /home/syqua/Desktop/ros2_ws/install/tipsy_turtle/lib/python3.8/site-packages/tipsy_turtle/turtle_controller.py to turtle_controller.cpython-38.pyc
byte-compiling /home/syqua/Desktop/ros2_ws/install/tipsy_turtle/lib/python3.8/site-packages/tipsy_turtle/sim_circle.py to sim_circle.cpython-38.pyc
running install_data
copying resource/tipsy_turtle -> /home/syqua/Desktop/ros2_ws/install/tipsy_turtle/share/ament_index/resource_index/packages
copying package.xml -> /home/syqua/Desktop/ros2_ws/install/tipsy_turtle/share/tipsy_turtle
running install_egg_info
Copying ../../build/tipsy_turtle/tipsy_turtle.egg-info to /home/syqua/Desktop/ros2_ws/install/tipsy_turtle/lib/python3.8/site-packages/tipsy_turtle-0.0.0-py3.8.egg-info
running install_scripts
Installing draw_circle script to /home/syqua/Desktop/ros2_ws/install/tipsy_turtle/lib/tipsy_turtle
Installing main script to /home/syqua/Desktop/ros2_ws/install/tipsy_turtle/lib/tipsy_turtle
Installing pose_sub script to /home/syqua/Desktop/ros2_ws/install/tipsy_turtle/lib/tipsy_turtle
Installing test_node script to /home/syqua/Desktop/ros2_ws/install/tipsy_turtle/lib/tipsy_turtle
writing list of installed files to '/home/syqua/Desktop/ros2_ws/build/tipsy_turtle/install.log'
