[0.935s] Invoking command in '/home/syqua/Desktop/ros2_ws/build/tipsy_turtle': PYTHONPATH=/home/syqua/Desktop/ros2_ws/build/tipsy_turtle/prefix_override:/home/syqua/Desktop/ros2_ws/install/tipsy_turtle/lib/python3.8/site-packages:${PYTHONPATH} /usr/bin/python3 setup.py develop --uninstall --editable --build-directory /home/syqua/Desktop/ros2_ws/build/tipsy_turtle/build
[1.243s] running develop
[1.427s] Removing /home/syqua/Desktop/ros2_ws/install/tipsy_turtle/lib/python3.8/site-packages/tipsy-turtle.egg-link (link to .)
[1.461s] Invoked command in '/home/syqua/Desktop/ros2_ws/build/tipsy_turtle' returned '0': PYTHONPATH=/home/syqua/Desktop/ros2_ws/build/tipsy_turtle/prefix_override:/home/syqua/Desktop/ros2_ws/install/tipsy_turtle/lib/python3.8/site-packages:${PYTHONPATH} /usr/bin/python3 setup.py develop --uninstall --editable --build-directory /home/syqua/Desktop/ros2_ws/build/tipsy_turtle/build
[1.464s] Invoking command in '/home/syqua/Desktop/ros2_ws/src/tipsy_turtle': PYTHONPATH=/home/syqua/Desktop/ros2_ws/build/tipsy_turtle/prefix_override:/home/syqua/Desktop/ros2_ws/install/tipsy_turtle/lib/python3.8/site-packages:${PYTHONPATH} /usr/bin/python3 setup.py egg_info --egg-base ../../build/tipsy_turtle build --build-base /home/syqua/Desktop/ros2_ws/build/tipsy_turtle/build install --record /home/syqua/Desktop/ros2_ws/build/tipsy_turtle/install.log --single-version-externally-managed
[1.753s] running egg_info
[1.754s] writing ../../build/tipsy_turtle/tipsy_turtle.egg-info/PKG-INFO
[1.754s] writing dependency_links to ../../build/tipsy_turtle/tipsy_turtle.egg-info/dependency_links.txt
[1.754s] writing entry points to ../../build/tipsy_turtle/tipsy_turtle.egg-info/entry_points.txt
[1.755s] writing requirements to ../../build/tipsy_turtle/tipsy_turtle.egg-info/requires.txt
[1.755s] writing top-level names to ../../build/tipsy_turtle/tipsy_turtle.egg-info/top_level.txt
[1.812s] reading manifest file '../../build/tipsy_turtle/tipsy_turtle.egg-info/SOURCES.txt'
[1.813s] writing manifest file '../../build/tipsy_turtle/tipsy_turtle.egg-info/SOURCES.txt'
[1.813s] running build
[1.813s] running build_py
[1.814s] copying tipsy_turtle/pose_subscriber.py -> /home/syqua/Desktop/ros2_ws/build/tipsy_turtle/build/lib/tipsy_turtle
[1.816s] copying tipsy_turtle/my_first_node.py -> /home/syqua/Desktop/ros2_ws/build/tipsy_turtle/build/lib/tipsy_turtle
[1.816s] copying tipsy_turtle/turtle_controller.py -> /home/syqua/Desktop/ros2_ws/build/tipsy_turtle/build/lib/tipsy_turtle
[1.816s] copying tipsy_turtle/sim_circle.py -> /home/syqua/Desktop/ros2_ws/build/tipsy_turtle/build/lib/tipsy_turtle
[1.816s] running install
[1.818s] running install_lib
[1.820s] creating /home/syqua/Desktop/ros2_ws/install/tipsy_turtle/lib/python3.8/site-packages/tipsy_turtle
[1.822s] copying /home/syqua/Desktop/ros2_ws/build/tipsy_turtle/build/lib/tipsy_turtle/__init__.py -> /home/syqua/Desktop/ros2_ws/install/tipsy_turtle/lib/python3.8/site-packages/tipsy_turtle
[1.822s] copying /home/syqua/Desktop/ros2_ws/build/tipsy_turtle/build/lib/tipsy_turtle/pose_subscriber.py -> /home/syqua/Desktop/ros2_ws/install/tipsy_turtle/lib/python3.8/site-packages/tipsy_turtle
[1.822s] copying /home/syqua/Desktop/ros2_ws/build/tipsy_turtle/build/lib/tipsy_turtle/my_first_node.py -> /home/syqua/Desktop/ros2_ws/install/tipsy_turtle/lib/python3.8/site-packages/tipsy_turtle
[1.823s] copying /home/syqua/Desktop/ros2_ws/build/tipsy_turtle/build/lib/tipsy_turtle/turtle_controller.py -> /home/syqua/Desktop/ros2_ws/install/tipsy_turtle/lib/python3.8/site-packages/tipsy_turtle
[1.823s] copying /home/syqua/Desktop/ros2_ws/build/tipsy_turtle/build/lib/tipsy_turtle/sim_circle.py -> /home/syqua/Desktop/ros2_ws/install/tipsy_turtle/lib/python3.8/site-packages/tipsy_turtle
[1.823s] byte-compiling /home/syqua/Desktop/ros2_ws/install/tipsy_turtle/lib/python3.8/site-packages/tipsy_turtle/__init__.py to __init__.cpython-38.pyc
[1.823s] byte-compiling /home/syqua/Desktop/ros2_ws/install/tipsy_turtle/lib/python3.8/site-packages/tipsy_turtle/pose_subscriber.py to pose_subscriber.cpython-38.pyc
[1.824s] byte-compiling /home/syqua/Desktop/ros2_ws/install/tipsy_turtle/lib/python3.8/site-packages/tipsy_turtle/my_first_node.py to my_first_node.cpython-38.pyc
[1.824s] byte-compiling /home/syqua/Desktop/ros2_ws/install/tipsy_turtle/lib/python3.8/site-packages/tipsy_turtle/turtle_controller.py to turtle_controller.cpython-38.pyc
[1.825s] byte-compiling /home/syqua/Desktop/ros2_ws/install/tipsy_turtle/lib/python3.8/site-packages/tipsy_turtle/sim_circle.py to sim_circle.cpython-38.pyc
[1.825s] running install_data
[1.827s] copying resource/tipsy_turtle -> /home/syqua/Desktop/ros2_ws/install/tipsy_turtle/share/ament_index/resource_index/packages
[1.827s] copying package.xml -> /home/syqua/Desktop/ros2_ws/install/tipsy_turtle/share/tipsy_turtle
[1.827s] running install_egg_info
[1.830s] Copying ../../build/tipsy_turtle/tipsy_turtle.egg-info to /home/syqua/Desktop/ros2_ws/install/tipsy_turtle/lib/python3.8/site-packages/tipsy_turtle-0.0.0-py3.8.egg-info
[1.831s] running install_scripts
[1.858s] Installing draw_circle script to /home/syqua/Desktop/ros2_ws/install/tipsy_turtle/lib/tipsy_turtle
[1.858s] Installing main script to /home/syqua/Desktop/ros2_ws/install/tipsy_turtle/lib/tipsy_turtle
[1.858s] Installing pose_sub script to /home/syqua/Desktop/ros2_ws/install/tipsy_turtle/lib/tipsy_turtle
[1.858s] Installing test_node script to /home/syqua/Desktop/ros2_ws/install/tipsy_turtle/lib/tipsy_turtle
[1.859s] writing list of installed files to '/home/syqua/Desktop/ros2_ws/build/tipsy_turtle/install.log'
[1.895s] Invoked command in '/home/syqua/Desktop/ros2_ws/src/tipsy_turtle' returned '0': PYTHONPATH=/home/syqua/Desktop/ros2_ws/build/tipsy_turtle/prefix_override:/home/syqua/Desktop/ros2_ws/install/tipsy_turtle/lib/python3.8/site-packages:${PYTHONPATH} /usr/bin/python3 setup.py egg_info --egg-base ../../build/tipsy_turtle build --build-base /home/syqua/Desktop/ros2_ws/build/tipsy_turtle/build install --record /home/syqua/Desktop/ros2_ws/build/tipsy_turtle/install.log --single-version-externally-managed
