[0.415s] DEBUG:colcon:Command line arguments: ['/usr/bin/colcon', 'build', '--symlink-install']
[0.415s] DEBUG:colcon:Parsed command line arguments: Namespace(allow_overriding=[], ament_cmake_args=None, base_paths=['.'], build_base='build', catkin_cmake_args=None, catkin_skip_building_tests=False, cmake_args=None, cmake_clean_cache=False, cmake_clean_first=False, cmake_force_configure=False, cmake_target=None, cmake_target_skip_unavailable=False, continue_on_error=False, event_handlers=None, executor='parallel', ignore_user_meta=False, install_base='install', log_base=None, log_level=None, main=<bound method BuildVerb.main of <colcon_core.verb.build.BuildVerb object at 0x7fc1205d4eb0>>, merge_install=False, metas=['./colcon.meta'], packages_above=None, packages_above_and_dependencies=None, packages_above_depth=None, packages_end=None, packages_ignore=None, packages_ignore_regex=None, packages_select=None, packages_select_build_failed=False, packages_select_by_dep=None, packages_select_regex=None, packages_select_test_failures=False, packages_skip=None, packages_skip_build_finished=False, packages_skip_by_dep=None, packages_skip_regex=None, packages_skip_test_passed=False, packages_skip_up_to=None, packages_start=None, packages_up_to=None, packages_up_to_regex=None, parallel_workers=4, paths=None, symlink_install=True, test_result_base=None, verb_extension=<colcon_core.verb.build.BuildVerb object at 0x7fc1205d4eb0>, verb_name='build', verb_parser=<colcon_defaults.argument_parser.defaults.DefaultArgumentsDecorator object at 0x7fc120561460>)
[0.460s] Level 1:colcon.colcon_core.package_discovery:discover_packages(colcon_meta) check parameters
[0.460s] Level 1:colcon.colcon_core.package_discovery:discover_packages(recursive) check parameters
[0.460s] Level 1:colcon.colcon_core.package_discovery:discover_packages(ignore) check parameters
[0.460s] Level 1:colcon.colcon_core.package_discovery:discover_packages(path) check parameters
[0.460s] Level 1:colcon.colcon_core.package_discovery:discover_packages(colcon_meta) discover
[0.461s] Level 1:colcon.colcon_core.package_discovery:discover_packages(recursive) discover
[0.461s] INFO:colcon.colcon_core.package_discovery:Crawling recursively for packages in '/home/syqua/Desktop/ros2_ws'
[0.461s] Level 1:colcon.colcon_core.package_identification:_identify(.) by extensions ['ignore', 'ignore_ament_install']
[0.461s] Level 1:colcon.colcon_core.package_identification:_identify(.) by extension 'ignore'
[0.461s] Level 1:colcon.colcon_core.package_identification:_identify(.) by extension 'ignore_ament_install'
[0.461s] Level 1:colcon.colcon_core.package_identification:_identify(.) by extensions ['colcon_pkg']
[0.461s] Level 1:colcon.colcon_core.package_identification:_identify(.) by extension 'colcon_pkg'
[0.461s] Level 1:colcon.colcon_core.package_identification:_identify(.) by extensions ['colcon_meta']
[0.461s] Level 1:colcon.colcon_core.package_identification:_identify(.) by extension 'colcon_meta'
[0.462s] Level 1:colcon.colcon_core.package_identification:_identify(.) by extensions ['ros']
[0.462s] Level 1:colcon.colcon_core.package_identification:_identify(.) by extension 'ros'
[0.494s] Level 1:colcon.colcon_core.package_identification:_identify(.) by extensions ['cmake', 'python']
[0.495s] Level 1:colcon.colcon_core.package_identification:_identify(.) by extension 'cmake'
[0.495s] Level 1:colcon.colcon_core.package_identification:_identify(.) by extension 'python'
[0.495s] Level 1:colcon.colcon_core.package_identification:_identify(.) by extensions ['python_setup_py']
[0.495s] Level 1:colcon.colcon_core.package_identification:_identify(.) by extension 'python_setup_py'
[0.495s] Level 1:colcon.colcon_core.package_identification:_identify(build) by extensions ['ignore', 'ignore_ament_install']
[0.495s] Level 1:colcon.colcon_core.package_identification:_identify(build) by extension 'ignore'
[0.495s] Level 1:colcon.colcon_core.package_identification:_identify(build) ignored
[0.496s] Level 1:colcon.colcon_core.package_identification:_identify(install) by extensions ['ignore', 'ignore_ament_install']
[0.496s] Level 1:colcon.colcon_core.package_identification:_identify(install) by extension 'ignore'
[0.496s] Level 1:colcon.colcon_core.package_identification:_identify(install) ignored
[0.496s] Level 1:colcon.colcon_core.package_identification:_identify(log) by extensions ['ignore', 'ignore_ament_install']
[0.496s] Level 1:colcon.colcon_core.package_identification:_identify(log) by extension 'ignore'
[0.496s] Level 1:colcon.colcon_core.package_identification:_identify(log) ignored
[0.496s] Level 1:colcon.colcon_core.package_identification:_identify(src) by extensions ['ignore', 'ignore_ament_install']
[0.496s] Level 1:colcon.colcon_core.package_identification:_identify(src) by extension 'ignore'
[0.497s] Level 1:colcon.colcon_core.package_identification:_identify(src) by extension 'ignore_ament_install'
[0.497s] Level 1:colcon.colcon_core.package_identification:_identify(src) by extensions ['colcon_pkg']
[0.497s] Level 1:colcon.colcon_core.package_identification:_identify(src) by extension 'colcon_pkg'
[0.497s] Level 1:colcon.colcon_core.package_identification:_identify(src) by extensions ['colcon_meta']
[0.497s] Level 1:colcon.colcon_core.package_identification:_identify(src) by extension 'colcon_meta'
[0.497s] Level 1:colcon.colcon_core.package_identification:_identify(src) by extensions ['ros']
[0.497s] Level 1:colcon.colcon_core.package_identification:_identify(src) by extension 'ros'
[0.497s] Level 1:colcon.colcon_core.package_identification:_identify(src) by extensions ['cmake', 'python']
[0.497s] Level 1:colcon.colcon_core.package_identification:_identify(src) by extension 'cmake'
[0.497s] Level 1:colcon.colcon_core.package_identification:_identify(src) by extension 'python'
[0.497s] Level 1:colcon.colcon_core.package_identification:_identify(src) by extensions ['python_setup_py']
[0.497s] Level 1:colcon.colcon_core.package_identification:_identify(src) by extension 'python_setup_py'
[0.498s] Level 1:colcon.colcon_core.package_identification:_identify(src/tipsy_turtle) by extensions ['ignore', 'ignore_ament_install']
[0.498s] Level 1:colcon.colcon_core.package_identification:_identify(src/tipsy_turtle) by extension 'ignore'
[0.498s] Level 1:colcon.colcon_core.package_identification:_identify(src/tipsy_turtle) by extension 'ignore_ament_install'
[0.498s] Level 1:colcon.colcon_core.package_identification:_identify(src/tipsy_turtle) by extensions ['colcon_pkg']
[0.498s] Level 1:colcon.colcon_core.package_identification:_identify(src/tipsy_turtle) by extension 'colcon_pkg'
[0.498s] Level 1:colcon.colcon_core.package_identification:_identify(src/tipsy_turtle) by extensions ['colcon_meta']
[0.498s] Level 1:colcon.colcon_core.package_identification:_identify(src/tipsy_turtle) by extension 'colcon_meta'
[0.498s] Level 1:colcon.colcon_core.package_identification:_identify(src/tipsy_turtle) by extensions ['ros']
[0.498s] Level 1:colcon.colcon_core.package_identification:_identify(src/tipsy_turtle) by extension 'ros'
[0.503s] DEBUG:colcon.colcon_core.package_identification:Package 'src/tipsy_turtle' with type 'ros.ament_python' and name 'tipsy_turtle'
[0.503s] Level 1:colcon.colcon_core.package_discovery:discover_packages(recursive) using defaults
[0.503s] Level 1:colcon.colcon_core.package_discovery:discover_packages(ignore) discover
[0.504s] Level 1:colcon.colcon_core.package_discovery:discover_packages(ignore) using defaults
[0.504s] Level 1:colcon.colcon_core.package_discovery:discover_packages(path) discover
[0.504s] Level 1:colcon.colcon_core.package_discovery:discover_packages(path) using defaults
[0.534s] Level 1:colcon.colcon_core.package_discovery:discover_packages(prefix_path) check parameters
[0.534s] Level 1:colcon.colcon_core.package_discovery:discover_packages(prefix_path) discover
[0.540s] DEBUG:colcon.colcon_installed_package_information.package_discovery:Found 1 installed packages in /home/syqua/Desktop/ros2_ws/install
[0.543s] DEBUG:colcon.colcon_installed_package_information.package_discovery:Found 347 installed packages in /opt/ros/galactic
[0.546s] Level 1:colcon.colcon_core.package_discovery:discover_packages(prefix_path) using defaults
[0.667s] Level 5:colcon.colcon_core.verb:set package 'tipsy_turtle' build argument 'cmake_args' from command line to 'None'
[0.667s] Level 5:colcon.colcon_core.verb:set package 'tipsy_turtle' build argument 'cmake_target' from command line to 'None'
[0.667s] Level 5:colcon.colcon_core.verb:set package 'tipsy_turtle' build argument 'cmake_target_skip_unavailable' from command line to 'False'
[0.668s] Level 5:colcon.colcon_core.verb:set package 'tipsy_turtle' build argument 'cmake_clean_cache' from command line to 'False'
[0.668s] Level 5:colcon.colcon_core.verb:set package 'tipsy_turtle' build argument 'cmake_clean_first' from command line to 'False'
[0.668s] Level 5:colcon.colcon_core.verb:set package 'tipsy_turtle' build argument 'cmake_force_configure' from command line to 'False'
[0.668s] Level 5:colcon.colcon_core.verb:set package 'tipsy_turtle' build argument 'ament_cmake_args' from command line to 'None'
[0.668s] Level 5:colcon.colcon_core.verb:set package 'tipsy_turtle' build argument 'catkin_cmake_args' from command line to 'None'
[0.668s] Level 5:colcon.colcon_core.verb:set package 'tipsy_turtle' build argument 'catkin_skip_building_tests' from command line to 'False'
[0.668s] DEBUG:colcon.colcon_core.verb:Building package 'tipsy_turtle' with the following arguments: {'ament_cmake_args': None, 'build_base': '/home/syqua/Desktop/ros2_ws/build/tipsy_turtle', 'catkin_cmake_args': None, 'catkin_skip_building_tests': False, 'cmake_args': None, 'cmake_clean_cache': False, 'cmake_clean_first': False, 'cmake_force_configure': False, 'cmake_target': None, 'cmake_target_skip_unavailable': False, 'install_base': '/home/syqua/Desktop/ros2_ws/install/tipsy_turtle', 'merge_install': False, 'path': '/home/syqua/Desktop/ros2_ws/src/tipsy_turtle', 'symlink_install': True, 'test_result_base': None}
[0.669s] INFO:colcon.colcon_core.executor:Executing jobs using 'parallel' executor
[0.674s] DEBUG:colcon.colcon_parallel_executor.executor.parallel:run_until_complete
[0.675s] INFO:colcon.colcon_ros.task.ament_python.build:Building ROS package in '/home/syqua/Desktop/ros2_ws/src/tipsy_turtle' with build type 'ament_python'
[0.675s] Level 1:colcon.colcon_core.shell:create_environment_hook('tipsy_turtle', 'ament_prefix_path')
[0.682s] INFO:colcon.colcon_core.plugin_system:Skipping extension 'colcon_core.shell.bat': Not used on non-Windows systems
[0.682s] INFO:colcon.colcon_core.shell:Creating environment hook '/home/syqua/Desktop/ros2_ws/install/tipsy_turtle/share/tipsy_turtle/hook/ament_prefix_path.ps1'
[0.683s] INFO:colcon.colcon_core.shell:Creating environment descriptor '/home/syqua/Desktop/ros2_ws/install/tipsy_turtle/share/tipsy_turtle/hook/ament_prefix_path.dsv'
[0.684s] INFO:colcon.colcon_core.shell:Creating environment hook '/home/syqua/Desktop/ros2_ws/install/tipsy_turtle/share/tipsy_turtle/hook/ament_prefix_path.sh'
[0.686s] INFO:colcon.colcon_core.shell:Skip shell extension 'powershell' for command environment: Not usable outside of PowerShell
[0.686s] DEBUG:colcon.colcon_core.shell:Skip shell extension 'dsv' for command environment
[1.008s] INFO:colcon.colcon_core.task.python.build:Building Python package in '/home/syqua/Desktop/ros2_ws/src/tipsy_turtle'
[1.011s] INFO:colcon.colcon_core.shell:Skip shell extension 'powershell' for command environment: Not usable outside of PowerShell
[1.011s] DEBUG:colcon.colcon_core.shell:Skip shell extension 'dsv' for command environment
[1.587s] DEBUG:colcon.colcon_core.event_handler.log_command:Invoking command in '/home/syqua/Desktop/ros2_ws/build/tipsy_turtle': PYTHONPATH=/home/syqua/Desktop/ros2_ws/build/tipsy_turtle/prefix_override:/home/syqua/Desktop/ros2_ws/install/tipsy_turtle/lib/python3.8/site-packages:${PYTHONPATH} /usr/bin/python3 setup.py develop --editable --build-directory /home/syqua/Desktop/ros2_ws/build/tipsy_turtle/build --no-deps install_data
[2.176s] Level 1:colcon.colcon_core.shell:create_environment_hook('tipsy_turtle', 'pythonpath_develop')
[2.178s] INFO:colcon.colcon_core.shell:Creating environment hook '/home/syqua/Desktop/ros2_ws/build/tipsy_turtle/share/tipsy_turtle/hook/pythonpath_develop.ps1'
[2.179s] DEBUG:colcon.colcon_core.event_handler.log_command:Invoked command in '/home/syqua/Desktop/ros2_ws/build/tipsy_turtle' returned '0': PYTHONPATH=/home/syqua/Desktop/ros2_ws/build/tipsy_turtle/prefix_override:/home/syqua/Desktop/ros2_ws/install/tipsy_turtle/lib/python3.8/site-packages:${PYTHONPATH} /usr/bin/python3 setup.py develop --editable --build-directory /home/syqua/Desktop/ros2_ws/build/tipsy_turtle/build --no-deps install_data
[2.179s] INFO:colcon.colcon_core.shell:Creating environment descriptor '/home/syqua/Desktop/ros2_ws/build/tipsy_turtle/share/tipsy_turtle/hook/pythonpath_develop.dsv'
[2.180s] INFO:colcon.colcon_core.shell:Creating environment hook '/home/syqua/Desktop/ros2_ws/build/tipsy_turtle/share/tipsy_turtle/hook/pythonpath_develop.sh'
[2.189s] Level 1:colcon.colcon_core.environment:checking '/home/syqua/Desktop/ros2_ws/install/tipsy_turtle' for CMake module files
[2.190s] Level 1:colcon.colcon_core.environment:checking '/home/syqua/Desktop/ros2_ws/install/tipsy_turtle' for CMake config files
[2.191s] Level 1:colcon.colcon_core.environment:checking '/home/syqua/Desktop/ros2_ws/install/tipsy_turtle/lib'
[2.191s] Level 1:colcon.colcon_core.environment:checking '/home/syqua/Desktop/ros2_ws/install/tipsy_turtle/bin'
[2.192s] Level 1:colcon.colcon_core.environment:checking '/home/syqua/Desktop/ros2_ws/install/tipsy_turtle/lib/pkgconfig/tipsy_turtle.pc'
[2.192s] Level 1:colcon.colcon_core.environment:checking '/home/syqua/Desktop/ros2_ws/install/tipsy_turtle/lib/python3.8/site-packages'
[2.192s] Level 1:colcon.colcon_core.shell:create_environment_hook('tipsy_turtle', 'pythonpath')
[2.194s] INFO:colcon.colcon_core.shell:Creating environment hook '/home/syqua/Desktop/ros2_ws/install/tipsy_turtle/share/tipsy_turtle/hook/pythonpath.ps1'
[2.195s] INFO:colcon.colcon_core.shell:Creating environment descriptor '/home/syqua/Desktop/ros2_ws/install/tipsy_turtle/share/tipsy_turtle/hook/pythonpath.dsv'
[2.196s] INFO:colcon.colcon_core.shell:Creating environment hook '/home/syqua/Desktop/ros2_ws/install/tipsy_turtle/share/tipsy_turtle/hook/pythonpath.sh'
[2.196s] Level 1:colcon.colcon_core.environment:checking '/home/syqua/Desktop/ros2_ws/install/tipsy_turtle/bin'
[2.196s] Level 1:colcon.colcon_core.environment:create_environment_scripts_only(tipsy_turtle)
[2.199s] INFO:colcon.colcon_core.shell:Creating package script '/home/syqua/Desktop/ros2_ws/install/tipsy_turtle/share/tipsy_turtle/package.ps1'
[2.200s] INFO:colcon.colcon_core.shell:Creating package descriptor '/home/syqua/Desktop/ros2_ws/install/tipsy_turtle/share/tipsy_turtle/package.dsv'
[2.201s] INFO:colcon.colcon_core.shell:Creating package script '/home/syqua/Desktop/ros2_ws/install/tipsy_turtle/share/tipsy_turtle/package.sh'
[2.202s] INFO:colcon.colcon_core.shell:Creating package script '/home/syqua/Desktop/ros2_ws/install/tipsy_turtle/share/tipsy_turtle/package.bash'
[2.203s] INFO:colcon.colcon_core.shell:Creating package script '/home/syqua/Desktop/ros2_ws/install/tipsy_turtle/share/tipsy_turtle/package.zsh'
[2.204s] Level 1:colcon.colcon_core.environment:create_file_with_runtime_dependencies(/home/syqua/Desktop/ros2_ws/install/tipsy_turtle/share/colcon-core/packages/tipsy_turtle)
[2.205s] DEBUG:colcon.colcon_parallel_executor.executor.parallel:closing loop
[2.206s] DEBUG:colcon.colcon_parallel_executor.executor.parallel:loop closed
[2.206s] DEBUG:colcon.colcon_parallel_executor.executor.parallel:run_until_complete finished with '0'
[2.206s] DEBUG:colcon.colcon_core.event_reactor:joining thread
[2.214s] INFO:colcon.colcon_core.plugin_system:Skipping extension 'colcon_notification.desktop_notification.terminal_notifier': Not used on non-Darwin systems
[2.214s] INFO:colcon.colcon_core.plugin_system:Skipping extension 'colcon_notification.desktop_notification.win32': Not used on non-Windows systems
[2.214s] INFO:colcon.colcon_notification.desktop_notification:Sending desktop notification using 'notify2'
[2.238s] DEBUG:colcon.colcon_core.event_reactor:joined thread
[2.241s] INFO:colcon.colcon_core.shell:Creating prefix script '/home/syqua/Desktop/ros2_ws/install/local_setup.ps1'
[2.243s] INFO:colcon.colcon_core.shell:Creating prefix util module '/home/syqua/Desktop/ros2_ws/install/_local_setup_util_ps1.py'
[2.245s] INFO:colcon.colcon_core.shell:Creating prefix chain script '/home/syqua/Desktop/ros2_ws/install/setup.ps1'
[2.251s] INFO:colcon.colcon_core.shell:Creating prefix script '/home/syqua/Desktop/ros2_ws/install/local_setup.sh'
[2.253s] INFO:colcon.colcon_core.shell:Creating prefix util module '/home/syqua/Desktop/ros2_ws/install/_local_setup_util_sh.py'
[2.254s] INFO:colcon.colcon_core.shell:Creating prefix chain script '/home/syqua/Desktop/ros2_ws/install/setup.sh'
[2.261s] INFO:colcon.colcon_core.shell:Creating prefix script '/home/syqua/Desktop/ros2_ws/install/local_setup.bash'
[2.264s] INFO:colcon.colcon_core.shell:Creating prefix chain script '/home/syqua/Desktop/ros2_ws/install/setup.bash'
[2.266s] INFO:colcon.colcon_core.shell:Creating prefix script '/home/syqua/Desktop/ros2_ws/install/local_setup.zsh'
[2.267s] INFO:colcon.colcon_core.shell:Creating prefix chain script '/home/syqua/Desktop/ros2_ws/install/setup.zsh'
