[0.828s] Invoking command in '/home/syqua/Desktop/ros2_ws/src/tipsy_turtle': PYTHONPATH=/home/syqua/Desktop/ros2_ws/build/tipsy_turtle/prefix_override:/home/syqua/Desktop/ros2_ws/install/tipsy_turtle/lib/python3.8/site-packages:${PYTHONPATH} /usr/bin/python3 setup.py egg_info --egg-base ../../build/tipsy_turtle build --build-base /home/syqua/Desktop/ros2_ws/build/tipsy_turtle/build install --record /home/syqua/Desktop/ros2_ws/build/tipsy_turtle/install.log --single-version-externally-managed
[1.092s] running egg_info
[1.093s] creating ../../build/tipsy_turtle/tipsy_turtle.egg-info
[1.093s] writing ../../build/tipsy_turtle/tipsy_turtle.egg-info/PKG-INFO
[1.094s] writing dependency_links to ../../build/tipsy_turtle/tipsy_turtle.egg-info/dependency_links.txt
[1.094s] writing entry points to ../../build/tipsy_turtle/tipsy_turtle.egg-info/entry_points.txt
[1.094s] writing requirements to ../../build/tipsy_turtle/tipsy_turtle.egg-info/requires.txt
[1.094s] writing top-level names to ../../build/tipsy_turtle/tipsy_turtle.egg-info/top_level.txt
[1.097s] writing manifest file '../../build/tipsy_turtle/tipsy_turtle.egg-info/SOURCES.txt'
[1.147s] reading manifest file '../../build/tipsy_turtle/tipsy_turtle.egg-info/SOURCES.txt'
[1.148s] writing manifest file '../../build/tipsy_turtle/tipsy_turtle.egg-info/SOURCES.txt'
[1.148s] running build
[1.148s] running build_py
[1.149s] creating /home/syqua/Desktop/ros2_ws/build/tipsy_turtle/build
[1.149s] creating /home/syqua/Desktop/ros2_ws/build/tipsy_turtle/build/lib
[1.149s] creating /home/syqua/Desktop/ros2_ws/build/tipsy_turtle/build/lib/tipsy_turtle
[1.149s] copying tipsy_turtle/__init__.py -> /home/syqua/Desktop/ros2_ws/build/tipsy_turtle/build/lib/tipsy_turtle
[1.149s] running install
[1.150s] running install_lib
[1.151s] creating /home/syqua/Desktop/ros2_ws/install/tipsy_turtle/lib/python3.8/site-packages/tipsy_turtle
[1.151s] copying /home/syqua/Desktop/ros2_ws/build/tipsy_turtle/build/lib/tipsy_turtle/__init__.py -> /home/syqua/Desktop/ros2_ws/install/tipsy_turtle/lib/python3.8/site-packages/tipsy_turtle
[1.152s] byte-compiling /home/syqua/Desktop/ros2_ws/install/tipsy_turtle/lib/python3.8/site-packages/tipsy_turtle/__init__.py to __init__.cpython-38.pyc
[1.154s] running install_data
[1.154s] creating /home/syqua/Desktop/ros2_ws/install/tipsy_turtle/share/ament_index
[1.155s] creating /home/syqua/Desktop/ros2_ws/install/tipsy_turtle/share/ament_index/resource_index
[1.155s] creating /home/syqua/Desktop/ros2_ws/install/tipsy_turtle/share/ament_index/resource_index/packages
[1.155s] copying resource/tipsy_turtle -> /home/syqua/Desktop/ros2_ws/install/tipsy_turtle/share/ament_index/resource_index/packages
[1.155s] copying package.xml -> /home/syqua/Desktop/ros2_ws/install/tipsy_turtle/share/tipsy_turtle
[1.155s] running install_egg_info
[1.157s] Copying ../../build/tipsy_turtle/tipsy_turtle.egg-info to /home/syqua/Desktop/ros2_ws/install/tipsy_turtle/lib/python3.8/site-packages/tipsy_turtle-0.0.0-py3.8.egg-info
[1.158s] running install_scripts
[1.184s] writing list of installed files to '/home/syqua/Desktop/ros2_ws/build/tipsy_turtle/install.log'
[1.217s] Invoked command in '/home/syqua/Desktop/ros2_ws/src/tipsy_turtle' returned '0': PYTHONPATH=/home/syqua/Desktop/ros2_ws/build/tipsy_turtle/prefix_override:/home/syqua/Desktop/ros2_ws/install/tipsy_turtle/lib/python3.8/site-packages:${PYTHONPATH} /usr/bin/python3 setup.py egg_info --egg-base ../../build/tipsy_turtle build --build-base /home/syqua/Desktop/ros2_ws/build/tipsy_turtle/build install --record /home/syqua/Desktop/ros2_ws/build/tipsy_turtle/install.log --single-version-externally-managed
