[0.856s] Invoking command in '/home/syqua/Desktop/ros2_ws/build/tipsy_turtle': PYTHONPATH=/home/syqua/Desktop/ros2_ws/build/tipsy_turtle/prefix_override:/home/syqua/Desktop/ros2_ws/install/tipsy_turtle/lib/python3.8/site-packages:${PYTHONPATH} /usr/bin/python3 setup.py develop --editable --build-directory /home/syqua/Desktop/ros2_ws/build/tipsy_turtle/build --no-deps install_data
[1.163s] running develop
[1.345s] running egg_info
[1.345s] writing tipsy_turtle.egg-info/PKG-INFO
[1.346s] writing dependency_links to tipsy_turtle.egg-info/dependency_links.txt
[1.346s] writing entry points to tipsy_turtle.egg-info/entry_points.txt
[1.346s] writing requirements to tipsy_turtle.egg-info/requires.txt
[1.346s] writing top-level names to tipsy_turtle.egg-info/top_level.txt
[1.392s] reading manifest file 'tipsy_turtle.egg-info/SOURCES.txt'
[1.393s] writing manifest file 'tipsy_turtle.egg-info/SOURCES.txt'
[1.395s] running build_ext
[1.396s] Creating /home/syqua/Desktop/ros2_ws/install/tipsy_turtle/lib/python3.8/site-packages/tipsy-turtle.egg-link (link to .)
[1.397s] Installing draw_circle script to /home/syqua/Desktop/ros2_ws/install/tipsy_turtle/lib/tipsy_turtle
[1.397s] Installing main script to /home/syqua/Desktop/ros2_ws/install/tipsy_turtle/lib/tipsy_turtle
[1.398s] Installing pose_sub script to /home/syqua/Desktop/ros2_ws/install/tipsy_turtle/lib/tipsy_turtle
[1.398s] Installing test_node script to /home/syqua/Desktop/ros2_ws/install/tipsy_turtle/lib/tipsy_turtle
[1.398s] 
[1.398s] Installed /home/syqua/Desktop/ros2_ws/build/tipsy_turtle
[1.398s] running install_data
[1.436s] Invoked command in '/home/syqua/Desktop/ros2_ws/build/tipsy_turtle' returned '0': PYTHONPATH=/home/syqua/Desktop/ros2_ws/build/tipsy_turtle/prefix_override:/home/syqua/Desktop/ros2_ws/install/tipsy_turtle/lib/python3.8/site-packages:${PYTHONPATH} /usr/bin/python3 setup.py develop --editable --build-directory /home/syqua/Desktop/ros2_ws/build/tipsy_turtle/build --no-deps install_data
