[0.829s] Invoking command in '/home/syqua/Desktop/ros2_ws/build/tipsy_turtle': PYTHONPATH=/home/syqua/Desktop/ros2_ws/build/tipsy_turtle/prefix_override:/home/syqua/Desktop/ros2_ws/install/tipsy_turtle/lib/python3.8/site-packages:${PYTHONPATH} /usr/bin/python3 setup.py develop --editable --build-directory /home/syqua/Desktop/ros2_ws/build/tipsy_turtle/build --no-deps install_data
[1.136s] running develop
[1.319s] running egg_info
[1.319s] writing tipsy_turtle.egg-info/PKG-INFO
[1.320s] writing dependency_links to tipsy_turtle.egg-info/dependency_links.txt
[1.320s] writing entry points to tipsy_turtle.egg-info/entry_points.txt
[1.320s] writing requirements to tipsy_turtle.egg-info/requires.txt
[1.320s] writing top-level names to tipsy_turtle.egg-info/top_level.txt
[1.368s] reading manifest file 'tipsy_turtle.egg-info/SOURCES.txt'
[1.369s] writing manifest file 'tipsy_turtle.egg-info/SOURCES.txt'
[1.371s] running build_ext
[1.371s] Creating /home/syqua/Desktop/ros2_ws/install/tipsy_turtle/lib/python3.8/site-packages/tipsy-turtle.egg-link (link to .)
[1.372s] Installing draw_circle script to /home/syqua/Desktop/ros2_ws/install/tipsy_turtle/lib/tipsy_turtle
[1.373s] Installing main script to /home/syqua/Desktop/ros2_ws/install/tipsy_turtle/lib/tipsy_turtle
[1.373s] Installing pose_sub script to /home/syqua/Desktop/ros2_ws/install/tipsy_turtle/lib/tipsy_turtle
[1.373s] Installing test_node script to /home/syqua/Desktop/ros2_ws/install/tipsy_turtle/lib/tipsy_turtle
[1.373s] 
[1.373s] Installed /home/syqua/Desktop/ros2_ws/build/tipsy_turtle
[1.374s] running install_data
[1.374s] copying package.xml -> /home/syqua/Desktop/ros2_ws/install/tipsy_turtle/share/tipsy_turtle
[1.413s] Invoked command in '/home/syqua/Desktop/ros2_ws/build/tipsy_turtle' returned '0': PYTHONPATH=/home/syqua/Desktop/ros2_ws/build/tipsy_turtle/prefix_override:/home/syqua/Desktop/ros2_ws/install/tipsy_turtle/lib/python3.8/site-packages:${PYTHONPATH} /usr/bin/python3 setup.py develop --editable --build-directory /home/syqua/Desktop/ros2_ws/build/tipsy_turtle/build --no-deps install_data
